---------------------------------------------------------------
[ 2018-08-01T21:06:53+08:00 ] 0.0.0.0 GET /admin/ajax/lang?callback=define&controllername=goods.index&v=1533128813
[ info ] fa.com/admin/ajax/lang?callback=define&controllername=goods.index&v=1533128813 [运行时间：0.062919s][吞吐率：15.89req/s] [内存消耗：3,662.88kb] [文件加载：70]
[ info ] [ BEHAVIOR ] Run Closure @app_init [ RunTime:0.000036s ]
[ info ] [ CACHE ] INIT File
[ info ] [ BEHAVIOR ] Run Closure @app_init [ RunTime:0.003829s ]
[ info ] [ LANG ] C:\PHP\wamp64\www\fastadmin\thinkphp\lang\zh-cn.php
[ info ] [ ROUTE ] array (
  'type' => 'module',
  'module' => 
  array (
    0 => 'admin',
    1 => 'ajax',
    2 => 'lang',
  ),
)
[ info ] [ HEADER ] array (
  'host' => 'fa.com',
  'connection' => 'keep-alive',
  'user-agent' => 'Mozilla/5.0 (Windows NT 10.0; Win64; x64) AppleWebKit/537.36 (KHTML, like Gecko) Chrome/68.0.3440.75 Safari/537.36',
  'accept' => '*/*',
  'referer' => 'http://fa.com/admin/goods/index/add?dialog=1',
  'accept-encoding' => 'gzip, deflate',
  'accept-language' => 'zh-CN,zh;q=0.9',
  'cookie' => 'thinkphp_show_page_trace=0|0; thinkphp_show_page_trace=0|0; Hm_lvt_f8d0a8c400404989e195270b0bbf060a=1533008426,1533033532,1533086885; PHPSESSID=965ud2k5me4bihuoic0nce6pf0; Hm_lpvt_f8d0a8c400404989e195270b0bbf060a=1533087881',
)
[ info ] [ PARAM ] array (
  'callback' => 'define',
  'controllername' => 'goods.index',
  'v' => '1533128813',
)
[ info ] [ LANG ] C:\PHP\wamp64\www\fastadmin\public/../application/admin\lang\zh-cn.php
[ info ] [ BEHAVIOR ] Run app\common\behavior\Common @module_init [ RunTime:0.001622s ]
[ info ] [ SESSION ] INIT array (
  'id' => '',
  'var_session_id' => '',
  'prefix' => 'think',
  'type' => '',
  'auto_start' => true,
)
[ info ] [ LANG ] C:\PHP\wamp64\www\fastadmin\public/../application/admin/lang/zh-cn/ajax.php
[ info ] [ RUN ] app\admin\controller\Ajax->lang[ C:\PHP\wamp64\www\fastadmin\application\admin\controller\Ajax.php ]
[ info ] [ LANG ] C:\PHP\wamp64\www\fastadmin\public/../application/admin/lang/zh-cn/goods/index.php
[ info ] [ BEHAVIOR ] Run app\admin\behavior\AdminLog @app_end [ RunTime:0.000756s ]
[ info ] [ LOG ] INIT File
---------------------------------------------------------------
[ 2018-08-01T21:06:53+08:00 ] 0.0.0.0 GET /admin/ajax/category?type=goods&pid=0
[ info ] fa.com/admin/ajax/category?type=goods&pid=0 [运行时间：0.070934s][吞吐率：14.10req/s] [内存消耗：4,664.98kb] [文件加载：75]
[ info ] [ BEHAVIOR ] Run Closure @app_init [ RunTime:0.000043s ]
[ info ] [ CACHE ] INIT File
[ info ] [ BEHAVIOR ] Run Closure @app_init [ RunTime:0.003614s ]
[ info ] [ LANG ] C:\PHP\wamp64\www\fastadmin\thinkphp\lang\zh-cn.php
[ info ] [ ROUTE ] array (
  'type' => 'module',
  'module' => 
  array (
    0 => 'admin',
    1 => 'ajax',
    2 => 'category',
  ),
)
[ info ] [ HEADER ] array (
  'host' => 'fa.com',
  'connection' => 'keep-alive',
  'accept' => 'application/json, text/javascript, */*; q=0.01',
  'x-requested-with' => 'XMLHttpRequest',
  'user-agent' => 'Mozilla/5.0 (Windows NT 10.0; Win64; x64) AppleWebKit/537.36 (KHTML, like Gecko) Chrome/68.0.3440.75 Safari/537.36',
  'referer' => 'http://fa.com/admin/goods/index/add?dialog=1',
  'accept-encoding' => 'gzip, deflate',
  'accept-language' => 'zh-CN,zh;q=0.9',
  'cookie' => 'thinkphp_show_page_trace=0|0; thinkphp_show_page_trace=0|0; Hm_lvt_f8d0a8c400404989e195270b0bbf060a=1533008426,1533033532,1533086885; PHPSESSID=965ud2k5me4bihuoic0nce6pf0; Hm_lpvt_f8d0a8c400404989e195270b0bbf060a=1533087881',
)
[ info ] [ PARAM ] array (
  'type' => 'goods',
  'pid' => '0',
)
[ info ] [ LANG ] C:\PHP\wamp64\www\fastadmin\public/../application/admin\lang\zh-cn.php
[ info ] [ BEHAVIOR ] Run app\common\behavior\Common @module_init [ RunTime:0.001114s ]
[ info ] [ SESSION ] INIT array (
  'id' => '',
  'var_session_id' => '',
  'prefix' => 'think',
  'type' => '',
  'auto_start' => true,
)
[ info ] [ LANG ] C:\PHP\wamp64\www\fastadmin\public/../application/admin/lang/zh-cn/ajax.php
[ info ] [ RUN ] app\admin\controller\Ajax->category[ C:\PHP\wamp64\www\fastadmin\application\admin\controller\Ajax.php ]
[ info ] [ DB ] INIT mysql
[ info ] [ BEHAVIOR ] Run app\admin\behavior\AdminLog @app_end [ RunTime:0.000574s ]
[ info ] [ LOG ] INIT File
[ sql ] [ DB ] CONNECT:[ UseTime:0.001818s ] mysql:host=127.0.0.1;dbname=fastadmin;charset=utf8
[ sql ] [ SQL ] SHOW COLUMNS FROM `fa_category` [ RunTime:0.001155s ]
[ sql ] [ SQL ] SELECT id as value,`name` FROM `fa_category` WHERE  `status` = 'normal'  AND `type` = 'goods'  AND `pid` = 0 ORDER BY `weigh` DESC,`id` DESC [ RunTime:0.000837s ]
---------------------------------------------------------------
[ 2018-08-01T21:06:56+08:00 ] 0.0.0.0 GET /admin/ajax/category?pid=5
[ info ] fa.com/admin/ajax/category?pid=5 [运行时间：0.085639s][吞吐率：11.68req/s] [内存消耗：4,663.92kb] [文件加载：75]
[ info ] [ BEHAVIOR ] Run Closure @app_init [ RunTime:0.000050s ]
[ info ] [ CACHE ] INIT File
[ info ] [ BEHAVIOR ] Run Closure @app_init [ RunTime:0.003705s ]
[ info ] [ LANG ] C:\PHP\wamp64\www\fastadmin\thinkphp\lang\zh-cn.php
[ info ] [ ROUTE ] array (
  'type' => 'module',
  'module' => 
  array (
    0 => 'admin',
    1 => 'ajax',
    2 => 'category',
  ),
)
[ info ] [ HEADER ] array (
  'host' => 'fa.com',
  'connection' => 'keep-alive',
  'accept' => 'application/json, text/javascript, */*; q=0.01',
  'x-requested-with' => 'XMLHttpRequest',
  'user-agent' => 'Mozilla/5.0 (Windows NT 10.0; Win64; x64) AppleWebKit/537.36 (KHTML, like Gecko) Chrome/68.0.3440.75 Safari/537.36',
  'referer' => 'http://fa.com/admin/goods/index/add?dialog=1',
  'accept-encoding' => 'gzip, deflate',
  'accept-language' => 'zh-CN,zh;q=0.9',
  'cookie' => 'thinkphp_show_page_trace=0|0; thinkphp_show_page_trace=0|0; Hm_lvt_f8d0a8c400404989e195270b0bbf060a=1533008426,1533033532,1533086885; PHPSESSID=965ud2k5me4bihuoic0nce6pf0; Hm_lpvt_f8d0a8c400404989e195270b0bbf060a=1533087881',
)
[ info ] [ PARAM ] array (
  'pid' => '5',
)
[ info ] [ LANG ] C:\PHP\wamp64\www\fastadmin\public/../application/admin\lang\zh-cn.php
[ info ] [ BEHAVIOR ] Run app\common\behavior\Common @module_init [ RunTime:0.001143s ]
[ info ] [ SESSION ] INIT array (
  'id' => '',
  'var_session_id' => '',
  'prefix' => 'think',
  'type' => '',
  'auto_start' => true,
)
[ info ] [ LANG ] C:\PHP\wamp64\www\fastadmin\public/../application/admin/lang/zh-cn/ajax.php
[ info ] [ RUN ] app\admin\controller\Ajax->category[ C:\PHP\wamp64\www\fastadmin\application\admin\controller\Ajax.php ]
[ info ] [ DB ] INIT mysql
[ info ] [ BEHAVIOR ] Run app\admin\behavior\AdminLog @app_end [ RunTime:0.000450s ]
[ info ] [ LOG ] INIT File
[ sql ] [ DB ] CONNECT:[ UseTime:0.019045s ] mysql:host=127.0.0.1;dbname=fastadmin;charset=utf8
[ sql ] [ SQL ] SHOW COLUMNS FROM `fa_category` [ RunTime:0.001710s ]
[ sql ] [ SQL ] SELECT id as value,`name` FROM `fa_category` WHERE  `status` = 'normal'  AND `pid` = 5 ORDER BY `weigh` DESC,`id` DESC [ RunTime:0.001218s ]
---------------------------------------------------------------
[ 2018-08-01T21:06:57+08:00 ] 0.0.0.0 GET /admin/ajax/category?pid=7
[ info ] fa.com/admin/ajax/category?pid=7 [运行时间：0.076540s][吞吐率：13.07req/s] [内存消耗：4,663.94kb] [文件加载：75]
[ info ] [ BEHAVIOR ] Run Closure @app_init [ RunTime:0.000036s ]
[ info ] [ CACHE ] INIT File
[ info ] [ BEHAVIOR ] Run Closure @app_init [ RunTime:0.003560s ]
[ info ] [ LANG ] C:\PHP\wamp64\www\fastadmin\thinkphp\lang\zh-cn.php
[ info ] [ ROUTE ] array (
  'type' => 'module',
  'module' => 
  array (
    0 => 'admin',
    1 => 'ajax',
    2 => 'category',
  ),
)
[ info ] [ HEADER ] array (
  'host' => 'fa.com',
  'connection' => 'keep-alive',
  'accept' => 'application/json, text/javascript, */*; q=0.01',
  'x-requested-with' => 'XMLHttpRequest',
  'user-agent' => 'Mozilla/5.0 (Windows NT 10.0; Win64; x64) AppleWebKit/537.36 (KHTML, like Gecko) Chrome/68.0.3440.75 Safari/537.36',
  'referer' => 'http://fa.com/admin/goods/index/add?dialog=1',
  'accept-encoding' => 'gzip, deflate',
  'accept-language' => 'zh-CN,zh;q=0.9',
  'cookie' => 'thinkphp_show_page_trace=0|0; thinkphp_show_page_trace=0|0; Hm_lvt_f8d0a8c400404989e195270b0bbf060a=1533008426,1533033532,1533086885; PHPSESSID=965ud2k5me4bihuoic0nce6pf0; Hm_lpvt_f8d0a8c400404989e195270b0bbf060a=1533087881',
)
[ info ] [ PARAM ] array (
  'pid' => '7',
)
[ info ] [ LANG ] C:\PHP\wamp64\www\fastadmin\public/../application/admin\lang\zh-cn.php
[ info ] [ BEHAVIOR ] Run app\common\behavior\Common @module_init [ RunTime:0.001138s ]
[ info ] [ SESSION ] INIT array (
  'id' => '',
  'var_session_id' => '',
  'prefix' => 'think',
  'type' => '',
  'auto_start' => true,
)
[ info ] [ LANG ] C:\PHP\wamp64\www\fastadmin\public/../application/admin/lang/zh-cn/ajax.php
[ info ] [ RUN ] app\admin\controller\Ajax->category[ C:\PHP\wamp64\www\fastadmin\application\admin\controller\Ajax.php ]
[ info ] [ DB ] INIT mysql
[ info ] [ BEHAVIOR ] Run app\admin\behavior\AdminLog @app_end [ RunTime:0.000470s ]
[ info ] [ LOG ] INIT File
[ sql ] [ DB ] CONNECT:[ UseTime:0.011916s ] mysql:host=127.0.0.1;dbname=fastadmin;charset=utf8
[ sql ] [ SQL ] SHOW COLUMNS FROM `fa_category` [ RunTime:0.001456s ]
[ sql ] [ SQL ] SELECT id as value,`name` FROM `fa_category` WHERE  `status` = 'normal'  AND `pid` = 7 ORDER BY `weigh` DESC,`id` DESC [ RunTime:0.000988s ]
---------------------------------------------------------------
[ 2018-08-01T21:07:00+08:00 ] 0.0.0.0 GET /admin/ajax/category?pid=1
[ info ] fa.com/admin/ajax/category?pid=1 [运行时间：0.075216s][吞吐率：13.30req/s] [内存消耗：4,663.66kb] [文件加载：75]
[ info ] [ BEHAVIOR ] Run Closure @app_init [ RunTime:0.000036s ]
[ info ] [ CACHE ] INIT File
[ info ] [ BEHAVIOR ] Run Closure @app_init [ RunTime:0.003466s ]
[ info ] [ LANG ] C:\PHP\wamp64\www\fastadmin\thinkphp\lang\zh-cn.php
[ info ] [ ROUTE ] array (
  'type' => 'module',
  'module' => 
  array (
    0 => 'admin',
    1 => 'ajax',
    2 => 'category',
  ),
)
[ info ] [ HEADER ] array (
  'host' => 'fa.com',
  'connection' => 'keep-alive',
  'accept' => 'application/json, text/javascript, */*; q=0.01',
  'x-requested-with' => 'XMLHttpRequest',
  'user-agent' => 'Mozilla/5.0 (Windows NT 10.0; Win64; x64) AppleWebKit/537.36 (KHTML, like Gecko) Chrome/68.0.3440.75 Safari/537.36',
  'referer' => 'http://fa.com/admin/goods/index/add?dialog=1',
  'accept-encoding' => 'gzip, deflate',
  'accept-language' => 'zh-CN,zh;q=0.9',
  'cookie' => 'thinkphp_show_page_trace=0|0; thinkphp_show_page_trace=0|0; Hm_lvt_f8d0a8c400404989e195270b0bbf060a=1533008426,1533033532,1533086885; PHPSESSID=965ud2k5me4bihuoic0nce6pf0; Hm_lpvt_f8d0a8c400404989e195270b0bbf060a=1533087881',
)
[ info ] [ PARAM ] array (
  'pid' => '1',
)
[ info ] [ LANG ] C:\PHP\wamp64\www\fastadmin\public/../application/admin\lang\zh-cn.php
[ info ] [ BEHAVIOR ] Run app\common\behavior\Common @module_init [ RunTime:0.001087s ]
[ info ] [ SESSION ] INIT array (
  'id' => '',
  'var_session_id' => '',
  'prefix' => 'think',
  'type' => '',
  'auto_start' => true,
)
[ info ] [ LANG ] C:\PHP\wamp64\www\fastadmin\public/../application/admin/lang/zh-cn/ajax.php
[ info ] [ RUN ] app\admin\controller\Ajax->category[ C:\PHP\wamp64\www\fastadmin\application\admin\controller\Ajax.php ]
[ info ] [ DB ] INIT mysql
[ info ] [ BEHAVIOR ] Run app\admin\behavior\AdminLog @app_end [ RunTime:0.000449s ]
[ info ] [ LOG ] INIT File
[ sql ] [ DB ] CONNECT:[ UseTime:0.010953s ] mysql:host=127.0.0.1;dbname=fastadmin;charset=utf8
[ sql ] [ SQL ] SHOW COLUMNS FROM `fa_category` [ RunTime:0.001472s ]
[ sql ] [ SQL ] SELECT id as value,`name` FROM `fa_category` WHERE  `status` = 'normal'  AND `pid` = 1 ORDER BY `weigh` DESC,`id` DESC [ RunTime:0.000935s ]
---------------------------------------------------------------
[ 2018-08-01T21:07:04+08:00 ] 0.0.0.0 GET /admin/ajax/category?pid=2
[ info ] fa.com/admin/ajax/category?pid=2 [运行时间：0.076500s][吞吐率：13.07req/s] [内存消耗：4,663.92kb] [文件加载：75]
[ info ] [ BEHAVIOR ] Run Closure @app_init [ RunTime:0.000038s ]
[ info ] [ CACHE ] INIT File
[ info ] [ BEHAVIOR ] Run Closure @app_init [ RunTime:0.003519s ]
[ info ] [ LANG ] C:\PHP\wamp64\www\fastadmin\thinkphp\lang\zh-cn.php
[ info ] [ ROUTE ] array (
  'type' => 'module',
  'module' => 
  array (
    0 => 'admin',
    1 => 'ajax',
    2 => 'category',
  ),
)
[ info ] [ HEADER ] array (
  'host' => 'fa.com',
  'connection' => 'keep-alive',
  'accept' => 'application/json, text/javascript, */*; q=0.01',
  'x-requested-with' => 'XMLHttpRequest',
  'user-agent' => 'Mozilla/5.0 (Windows NT 10.0; Win64; x64) AppleWebKit/537.36 (KHTML, like Gecko) Chrome/68.0.3440.75 Safari/537.36',
  'referer' => 'http://fa.com/admin/goods/index/add?dialog=1',
  'accept-encoding' => 'gzip, deflate',
  'accept-language' => 'zh-CN,zh;q=0.9',
  'cookie' => 'thinkphp_show_page_trace=0|0; thinkphp_show_page_trace=0|0; Hm_lvt_f8d0a8c400404989e195270b0bbf060a=1533008426,1533033532,1533086885; PHPSESSID=965ud2k5me4bihuoic0nce6pf0; Hm_lpvt_f8d0a8c400404989e195270b0bbf060a=1533087881',
)
[ info ] [ PARAM ] array (
  'pid' => '2',
)
[ info ] [ LANG ] C:\PHP\wamp64\www\fastadmin\public/../application/admin\lang\zh-cn.php
[ info ] [ BEHAVIOR ] Run app\common\behavior\Common @module_init [ RunTime:0.001111s ]
[ info ] [ SESSION ] INIT array (
  'id' => '',
  'var_session_id' => '',
  'prefix' => 'think',
  'type' => '',
  'auto_start' => true,
)
[ info ] [ LANG ] C:\PHP\wamp64\www\fastadmin\public/../application/admin/lang/zh-cn/ajax.php
[ info ] [ RUN ] app\admin\controller\Ajax->category[ C:\PHP\wamp64\www\fastadmin\application\admin\controller\Ajax.php ]
[ info ] [ DB ] INIT mysql
[ info ] [ BEHAVIOR ] Run app\admin\behavior\AdminLog @app_end [ RunTime:0.000447s ]
[ info ] [ LOG ] INIT File
[ sql ] [ DB ] CONNECT:[ UseTime:0.010761s ] mysql:host=127.0.0.1;dbname=fastadmin;charset=utf8
[ sql ] [ SQL ] SHOW COLUMNS FROM `fa_category` [ RunTime:0.001486s ]
[ sql ] [ SQL ] SELECT id as value,`name` FROM `fa_category` WHERE  `status` = 'normal'  AND `pid` = 2 ORDER BY `weigh` DESC,`id` DESC [ RunTime:0.000788s ]
---------------------------------------------------------------
[ 2018-08-01T21:07:05+08:00 ] 0.0.0.0 GET /admin/ajax/category?pid=3
[ info ] fa.com/admin/ajax/category?pid=3 [运行时间：0.075837s][吞吐率：13.19req/s] [内存消耗：4,663.66kb] [文件加载：75]
[ info ] [ BEHAVIOR ] Run Closure @app_init [ RunTime:0.000035s ]
[ info ] [ CACHE ] INIT File
[ info ] [ BEHAVIOR ] Run Closure @app_init [ RunTime:0.003511s ]
[ info ] [ LANG ] C:\PHP\wamp64\www\fastadmin\thinkphp\lang\zh-cn.php
[ info ] [ ROUTE ] array (
  'type' => 'module',
  'module' => 
  array (
    0 => 'admin',
    1 => 'ajax',
    2 => 'category',
  ),
)
[ info ] [ HEADER ] array (
  'host' => 'fa.com',
  'connection' => 'keep-alive',
  'accept' => 'application/json, text/javascript, */*; q=0.01',
  'x-requested-with' => 'XMLHttpRequest',
  'user-agent' => 'Mozilla/5.0 (Windows NT 10.0; Win64; x64) AppleWebKit/537.36 (KHTML, like Gecko) Chrome/68.0.3440.75 Safari/537.36',
  'referer' => 'http://fa.com/admin/goods/index/add?dialog=1',
  'accept-encoding' => 'gzip, deflate',
  'accept-language' => 'zh-CN,zh;q=0.9',
  'cookie' => 'thinkphp_show_page_trace=0|0; thinkphp_show_page_trace=0|0; Hm_lvt_f8d0a8c400404989e195270b0bbf060a=1533008426,1533033532,1533086885; PHPSESSID=965ud2k5me4bihuoic0nce6pf0; Hm_lpvt_f8d0a8c400404989e195270b0bbf060a=1533087881',
)
[ info ] [ PARAM ] array (
  'pid' => '3',
)
[ info ] [ LANG ] C:\PHP\wamp64\www\fastadmin\public/../application/admin\lang\zh-cn.php
[ info ] [ BEHAVIOR ] Run app\common\behavior\Common @module_init [ RunTime:0.001146s ]
[ info ] [ SESSION ] INIT array (
  'id' => '',
  'var_session_id' => '',
  'prefix' => 'think',
  'type' => '',
  'auto_start' => true,
)
[ info ] [ LANG ] C:\PHP\wamp64\www\fastadmin\public/../application/admin/lang/zh-cn/ajax.php
[ info ] [ RUN ] app\admin\controller\Ajax->category[ C:\PHP\wamp64\www\fastadmin\application\admin\controller\Ajax.php ]
[ info ] [ DB ] INIT mysql
[ info ] [ BEHAVIOR ] Run app\admin\behavior\AdminLog @app_end [ RunTime:0.000477s ]
[ info ] [ LOG ] INIT File
[ sql ] [ DB ] CONNECT:[ UseTime:0.010855s ] mysql:host=127.0.0.1;dbname=fastadmin;charset=utf8
[ sql ] [ SQL ] SHOW COLUMNS FROM `fa_category` [ RunTime:0.001512s ]
[ sql ] [ SQL ] SELECT id as value,`name` FROM `fa_category` WHERE  `status` = 'normal'  AND `pid` = 3 ORDER BY `weigh` DESC,`id` DESC [ RunTime:0.000917s ]
---------------------------------------------------------------
[ 2018-08-01T21:07:07+08:00 ] 0.0.0.0 GET /admin/ajax/category?pid=4
[ info ] fa.com/admin/ajax/category?pid=4 [运行时间：0.075437s][吞吐率：13.26req/s] [内存消耗：4,663.66kb] [文件加载：75]
[ info ] [ BEHAVIOR ] Run Closure @app_init [ RunTime:0.000040s ]
[ info ] [ CACHE ] INIT File
[ info ] [ BEHAVIOR ] Run Closure @app_init [ RunTime:0.003390s ]
[ info ] [ LANG ] C:\PHP\wamp64\www\fastadmin\thinkphp\lang\zh-cn.php
[ info ] [ ROUTE ] array (
  'type' => 'module',
  'module' => 
  array (
    0 => 'admin',
    1 => 'ajax',
    2 => 'category',
  ),
)
[ info ] [ HEADER ] array (
  'host' => 'fa.com',
  'connection' => 'keep-alive',
  'accept' => 'application/json, text/javascript, */*; q=0.01',
  'x-requested-with' => 'XMLHttpRequest',
  'user-agent' => 'Mozilla/5.0 (Windows NT 10.0; Win64; x64) AppleWebKit/537.36 (KHTML, like Gecko) Chrome/68.0.3440.75 Safari/537.36',
  'referer' => 'http://fa.com/admin/goods/index/add?dialog=1',
  'accept-encoding' => 'gzip, deflate',
  'accept-language' => 'zh-CN,zh;q=0.9',
  'cookie' => 'thinkphp_show_page_trace=0|0; thinkphp_show_page_trace=0|0; Hm_lvt_f8d0a8c400404989e195270b0bbf060a=1533008426,1533033532,1533086885; PHPSESSID=965ud2k5me4bihuoic0nce6pf0; Hm_lpvt_f8d0a8c400404989e195270b0bbf060a=1533087881',
)
[ info ] [ PARAM ] array (
  'pid' => '4',
)
[ info ] [ LANG ] C:\PHP\wamp64\www\fastadmin\public/../application/admin\lang\zh-cn.php
[ info ] [ BEHAVIOR ] Run app\common\behavior\Common @module_init [ RunTime:0.001123s ]
[ info ] [ SESSION ] INIT array (
  'id' => '',
  'var_session_id' => '',
  'prefix' => 'think',
  'type' => '',
  'auto_start' => true,
)
[ info ] [ LANG ] C:\PHP\wamp64\www\fastadmin\public/../application/admin/lang/zh-cn/ajax.php
[ info ] [ RUN ] app\admin\controller\Ajax->category[ C:\PHP\wamp64\www\fastadmin\application\admin\controller\Ajax.php ]
[ info ] [ DB ] INIT mysql
[ info ] [ BEHAVIOR ] Run app\admin\behavior\AdminLog @app_end [ RunTime:0.000441s ]
[ info ] [ LOG ] INIT File
[ sql ] [ DB ] CONNECT:[ UseTime:0.011223s ] mysql:host=127.0.0.1;dbname=fastadmin;charset=utf8
[ sql ] [ SQL ] SHOW COLUMNS FROM `fa_category` [ RunTime:0.001745s ]
[ sql ] [ SQL ] SELECT id as value,`name` FROM `fa_category` WHERE  `status` = 'normal'  AND `pid` = 4 ORDER BY `weigh` DESC,`id` DESC [ RunTime:0.000951s ]
---------------------------------------------------------------
[ 2018-08-01T21:07:25+08:00 ] 0.0.0.0 GET /admin/ajax/category?pid=5
[ info ] fa.com/admin/ajax/category?pid=5 [运行时间：0.082476s][吞吐率：12.12req/s] [内存消耗：4,663.92kb] [文件加载：75]
[ info ] [ BEHAVIOR ] Run Closure @app_init [ RunTime:0.000034s ]
[ info ] [ CACHE ] INIT File
[ info ] [ BEHAVIOR ] Run Closure @app_init [ RunTime:0.003433s ]
[ info ] [ LANG ] C:\PHP\wamp64\www\fastadmin\thinkphp\lang\zh-cn.php
[ info ] [ ROUTE ] array (
  'type' => 'module',
  'module' => 
  array (
    0 => 'admin',
    1 => 'ajax',
    2 => 'category',
  ),
)
[ info ] [ HEADER ] array (
  'host' => 'fa.com',
  'connection' => 'keep-alive',
  'accept' => 'application/json, text/javascript, */*; q=0.01',
  'x-requested-with' => 'XMLHttpRequest',
  'user-agent' => 'Mozilla/5.0 (Windows NT 10.0; Win64; x64) AppleWebKit/537.36 (KHTML, like Gecko) Chrome/68.0.3440.75 Safari/537.36',
  'referer' => 'http://fa.com/admin/goods/index/add?dialog=1',
  'accept-encoding' => 'gzip, deflate',
  'accept-language' => 'zh-CN,zh;q=0.9',
  'cookie' => 'thinkphp_show_page_trace=0|0; thinkphp_show_page_trace=0|0; Hm_lvt_f8d0a8c400404989e195270b0bbf060a=1533008426,1533033532,1533086885; PHPSESSID=965ud2k5me4bihuoic0nce6pf0; Hm_lpvt_f8d0a8c400404989e195270b0bbf060a=1533087881',
)
[ info ] [ PARAM ] array (
  'pid' => '5',
)
[ info ] [ LANG ] C:\PHP\wamp64\www\fastadmin\public/../application/admin\lang\zh-cn.php
[ info ] [ BEHAVIOR ] Run app\common\behavior\Common @module_init [ RunTime:0.001113s ]
[ info ] [ SESSION ] INIT array (
  'id' => '',
  'var_session_id' => '',
  'prefix' => 'think',
  'type' => '',
  'auto_start' => true,
)
[ info ] [ LANG ] C:\PHP\wamp64\www\fastadmin\public/../application/admin/lang/zh-cn/ajax.php
[ info ] [ RUN ] app\admin\controller\Ajax->category[ C:\PHP\wamp64\www\fastadmin\application\admin\controller\Ajax.php ]
[ info ] [ DB ] INIT mysql
[ info ] [ BEHAVIOR ] Run app\admin\behavior\AdminLog @app_end [ RunTime:0.000490s ]
[ info ] [ LOG ] INIT File
[ sql ] [ DB ] CONNECT:[ UseTime:0.011664s ] mysql:host=127.0.0.1;dbname=fastadmin;charset=utf8
[ sql ] [ SQL ] SHOW COLUMNS FROM `fa_category` [ RunTime:0.001504s ]
[ sql ] [ SQL ] SELECT id as value,`name` FROM `fa_category` WHERE  `status` = 'normal'  AND `pid` = 5 ORDER BY `weigh` DESC,`id` DESC [ RunTime:0.000994s ]
---------------------------------------------------------------
[ 2018-08-01T21:07:27+08:00 ] 0.0.0.0 GET /admin/ajax/category?pid=7
[ info ] fa.com/admin/ajax/category?pid=7 [运行时间：0.080374s][吞吐率：12.44req/s] [内存消耗：4,663.94kb] [文件加载：75]
[ info ] [ BEHAVIOR ] Run Closure @app_init [ RunTime:0.000034s ]
[ info ] [ CACHE ] INIT File
[ info ] [ BEHAVIOR ] Run Closure @app_init [ RunTime:0.003522s ]
[ info ] [ LANG ] C:\PHP\wamp64\www\fastadmin\thinkphp\lang\zh-cn.php
[ info ] [ ROUTE ] array (
  'type' => 'module',
  'module' => 
  array (
    0 => 'admin',
    1 => 'ajax',
    2 => 'category',
  ),
)
[ info ] [ HEADER ] array (
  'host' => 'fa.com',
  'connection' => 'keep-alive',
  'accept' => 'application/json, text/javascript, */*; q=0.01',
  'x-requested-with' => 'XMLHttpRequest',
  'user-agent' => 'Mozilla/5.0 (Windows NT 10.0; Win64; x64) AppleWebKit/537.36 (KHTML, like Gecko) Chrome/68.0.3440.75 Safari/537.36',
  'referer' => 'http://fa.com/admin/goods/index/add?dialog=1',
  'accept-encoding' => 'gzip, deflate',
  'accept-language' => 'zh-CN,zh;q=0.9',
  'cookie' => 'thinkphp_show_page_trace=0|0; thinkphp_show_page_trace=0|0; Hm_lvt_f8d0a8c400404989e195270b0bbf060a=1533008426,1533033532,1533086885; PHPSESSID=965ud2k5me4bihuoic0nce6pf0; Hm_lpvt_f8d0a8c400404989e195270b0bbf060a=1533087881',
)
[ info ] [ PARAM ] array (
  'pid' => '7',
)
[ info ] [ LANG ] C:\PHP\wamp64\www\fastadmin\public/../application/admin\lang\zh-cn.php
[ info ] [ BEHAVIOR ] Run app\common\behavior\Common @module_init [ RunTime:0.001106s ]
[ info ] [ SESSION ] INIT array (
  'id' => '',
  'var_session_id' => '',
  'prefix' => 'think',
  'type' => '',
  'auto_start' => true,
)
[ info ] [ LANG ] C:\PHP\wamp64\www\fastadmin\public/../application/admin/lang/zh-cn/ajax.php
[ info ] [ RUN ] app\admin\controller\Ajax->category[ C:\PHP\wamp64\www\fastadmin\application\admin\controller\Ajax.php ]
[ info ] [ DB ] INIT mysql
[ info ] [ BEHAVIOR ] Run app\admin\behavior\AdminLog @app_end [ RunTime:0.000429s ]
[ info ] [ LOG ] INIT File
[ sql ] [ DB ] CONNECT:[ UseTime:0.014701s ] mysql:host=127.0.0.1;dbname=fastadmin;charset=utf8
[ sql ] [ SQL ] SHOW COLUMNS FROM `fa_category` [ RunTime:0.002615s ]
[ sql ] [ SQL ] SELECT id as value,`name` FROM `fa_category` WHERE  `status` = 'normal'  AND `pid` = 7 ORDER BY `weigh` DESC,`id` DESC [ RunTime:0.000892s ]
